<?xml version="1.0" encoding="UTF-8"?>
<!-- Generated by org.testng.reporters.JUnitXMLReporter -->
<testsuite ignored="0" hostname="DESKTOP-OP26OBM" failures="0" tests="2" name="BankingApp Test" time="305.955" errors="0" timestamp="19 Feb 2023 04:33:05 GMT">
  <testcase classname="com.inetbanking.testCases.TC_LoginTest_001" name="loginTest" time="62.418"/>
  <testcase classname="com.inetbanking.testCases.TC_AddCustomerTest_003" name="addNewCustomer" time="97.82"/>
</testsuite> <!-- BankingApp Test -->
